Using pre-set license
Built from '2020.3/staging' branch; Version is '2020.3.5f1 (8095aa901b9b) revision 8426922'; Using compiler version '192528614'; Build Type 'Release'
OS: 'Windows 10 Home; OS build 19042.1237; Version 2009; 64bit' Language: 'en' Physical Memory: 8041 MB
BatchMode: 1, IsHumanControllingUs: 0, StartBugReporterOnCrash: 0, Is64bit: 1, IsPro: 0

 COMMAND LINE ARGUMENTS:
C:\Program Files\Unity\Hub\Editor\2020.3.5f1\Editor\Unity.exe
-adb2
-batchMode
-noUpm
-name
AssetImportWorker0
-projectPath
C:/Users/tylan/Documents/Unity/Blockfall
-logFile
Logs/AssetImportWorker0.log
-srvPort
60659
Successfully changed project path to: C:/Users/tylan/Documents/Unity/Blockfall
C:/Users/tylan/Documents/Unity/Blockfall
Using Asset Import Pipeline V2.
Refreshing native plugins compatible for Editor in 78.40 ms, found 0 plugins.
Preloading 0 native plugins for Editor in 0.00 ms.
Initialize engine version: 2020.3.5f1 (8095aa901b9b)
[Subsystems] Discovering subsystems at path C:/Program Files/Unity/Hub/Editor/2020.3.5f1/Editor/Data/Resources/UnitySubsystems
[Subsystems] Discovering subsystems at path C:/Users/tylan/Documents/Unity/Blockfall/Assets
GfxDevice: creating device client; threaded=0
Direct3D:
    Version:  Direct3D 11.0 [level 11.0]
    Renderer: NVIDIA GeForce GTX 960M (ID=0x139b)
    Vendor:   
    VRAM:     2010 MB
    Driver:   30.0.14.7212
Initialize mono
Mono path[0] = 'C:/Program Files/Unity/Hub/Editor/2020.3.5f1/Editor/Data/Managed'
Mono path[1] = 'C:/Program Files/Unity/Hub/Editor/2020.3.5f1/Editor/Data/MonoBleedingEdge/lib/mono/unityjit'
Mono config path = 'C:/Program Files/Unity/Hub/Editor/2020.3.5f1/Editor/Data/MonoBleedingEdge/etc'
Using monoOptions --debugger-agent=transport=dt_socket,embedding=1,server=y,suspend=n,address=127.0.0.1:56428
Begin MonoManager ReloadAssembly
Registering precompiled unity dll's ...
Register platform support module: C:/Program Files/Unity/Hub/Editor/2020.3.5f1/Editor/Data/PlaybackEngines/WebGLSupport/UnityEditor.WebGL.Extensions.dll
Register platform support module: C:/Program Files/Unity/Hub/Editor/2020.3.5f1/Editor/Data/PlaybackEngines/WindowsStandaloneSupport/UnityEditor.WindowsStandalone.Extensions.dll
Registered in 0.002613 seconds.
Native extension for WindowsStandalone target not found
Native extension for WebGL target not found
Refreshing native plugins compatible for Editor in 65.56 ms, found 0 plugins.
Preloading 0 native plugins for Editor in 0.00 ms.
Mono: successfully reloaded assembly
- Completed reload, in  1.729 seconds
Platform modules already initialized, skipping
Registering precompiled user dll's ...
Registered in 0.001649 seconds.
Begin MonoManager ReloadAssembly
Native extension for WindowsStandalone target not found
Native extension for WebGL target not found
Refreshing native plugins compatible for Editor in 79.21 ms, found 0 plugins.
Preloading 0 native plugins for Editor in 0.00 ms.
Mono: successfully reloaded assembly
- Completed reload, in  1.350 seconds
Platform modules already initialized, skipping
========================================================================
Worker process is ready to serve import requests
Shader 'Universal Render Pipeline/Particles/Lit': fallback shader 'Universal Render Pipeline/Particles/SimpleLit' not found
Shader 'Universal Render Pipeline/Particles/Lit': fallback shader 'Universal Render Pipeline/Particles/SimpleLit' not found
Launched and connected shader compiler UnityShaderCompiler.exe after 0.08 seconds
Refreshing native plugins compatible for Editor in 0.48 ms, found 0 plugins.
Preloading 0 native plugins for Editor in 0.00 ms.
Unloading 2575 Unused Serialized files (Serialized files now loaded: 0)
System memory in use before: 119.9 MB.
System memory in use after: 117.4 MB.

Unloading 44 unused Assets to reduce memory usage. Loaded Objects now: 2985.
Total: 4.317700 ms (FindLiveObjects: 0.275600 ms CreateObjectMapping: 0.157000 ms MarkObjects: 2.372100 ms  DeleteObjects: 1.511400 ms)

========================================================================
Received Import Request.
  path: Assets/Materials/BlockMat.mat
  artifactKey: Guid(c5013489d52740546a6348e4499e90bb) Importer(815301076,1909f56bfc062723c751e8b465ee728b)
Start importing Assets/Materials/BlockMat.mat using Guid(c5013489d52740546a6348e4499e90bb) Importer(815301076,1909f56bfc062723c751e8b465ee728b)  -> (artifact id: '0a62393a01a9ea8c05a988e0836c6539') in 0.361695 seconds
  Import took 0.367378 seconds .

========================================================================
Received Import Request.
  Time since last request: 33.909540 seconds.
  path: Assets/Materials/BulletPlayer.mat
  artifactKey: Guid(b0ebaeea3a10b494da498fca28d35ab7) Importer(815301076,1909f56bfc062723c751e8b465ee728b)
Start importing Assets/Materials/BulletPlayer.mat using Guid(b0ebaeea3a10b494da498fca28d35ab7) Importer(815301076,1909f56bfc062723c751e8b465ee728b)  -> (artifact id: '28d34f12e0fc6559466f3f2a6dace3c5') in 0.038643 seconds
  Import took 0.047611 seconds .

========================================================================
Received Import Request.
  Time since last request: 15.994260 seconds.
  path: Assets/Materials/BulletEnemy.mat
  artifactKey: Guid(e24b3588d18881646bb39f4bfd674172) Importer(815301076,1909f56bfc062723c751e8b465ee728b)
Start importing Assets/Materials/BulletEnemy.mat using Guid(e24b3588d18881646bb39f4bfd674172) Importer(815301076,1909f56bfc062723c751e8b465ee728b)  -> (artifact id: '9f7f8684d8f1463cfb1148e1e18f57a5') in 0.029883 seconds
  Import took 0.035539 seconds .

========================================================================
Received Import Request.
  Time since last request: 0.000303 seconds.
  path: Assets/Materials/BulletPlayer.mat
  artifactKey: Guid(b0ebaeea3a10b494da498fca28d35ab7) Importer(815301076,1909f56bfc062723c751e8b465ee728b)
Start importing Assets/Materials/BulletPlayer.mat using Guid(b0ebaeea3a10b494da498fca28d35ab7) Importer(815301076,1909f56bfc062723c751e8b465ee728b)  -> (artifact id: 'f665e47a38780d7f7c35cc9768d34ebc') in 0.017000 seconds
  Import took 0.023939 seconds .

========================================================================
Received Import Request.
  Time since last request: 14.611479 seconds.
  path: Assets/Prefabs/Bullet.prefab
  artifactKey: Guid(ef8b3db5949d91b4e9c878590fe37e2c) Importer(815301076,1909f56bfc062723c751e8b465ee728b)
Start importing Assets/Prefabs/Bullet.prefab using Guid(ef8b3db5949d91b4e9c878590fe37e2c) Importer(815301076,1909f56bfc062723c751e8b465ee728b)  -> (artifact id: '170f5ff761e64d88a8c47c6e90588480') in 0.033060 seconds
  Import took 0.039020 seconds .

========================================================================
Received Import Request.
  Time since last request: 25.512194 seconds.
  path: Assets/Scripts/Bullet.cs
  artifactKey: Guid(c0b6c87acbc14c14ebbff0e412d16340) Importer(815301076,1909f56bfc062723c751e8b465ee728b)
Start importing Assets/Scripts/Bullet.cs using Guid(c0b6c87acbc14c14ebbff0e412d16340) Importer(815301076,1909f56bfc062723c751e8b465ee728b)  -> (artifact id: '57f7a2f286228b93f8c330846784973b') in 0.017102 seconds
  Import took 0.024721 seconds .

========================================================================
Received Import Request.
  Time since last request: 0.001133 seconds.
  path: Assets/Scripts/Bullet.cs
  artifactKey: Guid(c0b6c87acbc14c14ebbff0e412d16340) Importer(815301076,1909f56bfc062723c751e8b465ee728b)
Start importing Assets/Scripts/Bullet.cs using Guid(c0b6c87acbc14c14ebbff0e412d16340) Importer(815301076,1909f56bfc062723c751e8b465ee728b)  -> (artifact id: '57f7a2f286228b93f8c330846784973b') in 0.004042 seconds
  Import took 0.011588 seconds .

========================================================================
Received Prepare
Registering precompiled user dll's ...
Registered in 0.001979 seconds.
Begin MonoManager ReloadAssembly
Native extension for WindowsStandalone target not found
Native extension for WebGL target not found
Refreshing native plugins compatible for Editor in 1.19 ms, found 0 plugins.
Preloading 0 native plugins for Editor in 0.00 ms.
Mono: successfully reloaded assembly
- Completed reload, in  2.323 seconds
Platform modules already initialized, skipping
Shader 'Universal Render Pipeline/Particles/Lit': fallback shader 'Universal Render Pipeline/Particles/SimpleLit' not found
Shader 'Universal Render Pipeline/Particles/Lit': fallback shader 'Universal Render Pipeline/Particles/SimpleLit' not found
Refreshing native plugins compatible for Editor in 0.73 ms, found 0 plugins.
Preloading 0 native plugins for Editor in 0.00 ms.
Unloading 2496 Unused Serialized files (Serialized files now loaded: 0)
System memory in use before: 121.4 MB.
System memory in use after: 119.0 MB.

Unloading 39 unused Assets to reduce memory usage. Loaded Objects now: 3067.
Total: 7.818100 ms (FindLiveObjects: 0.928900 ms CreateObjectMapping: 0.337200 ms MarkObjects: 4.532500 ms  DeleteObjects: 2.017200 ms)

========================================================================
Received Import Request.
  Time since last request: 114.771543 seconds.
  path: Assets/Scripts/ShardGun.cs
  artifactKey: Guid(ef396123dc2a4344aaf174a1e1219548) Importer(815301076,1909f56bfc062723c751e8b465ee728b)
Start importing Assets/Scripts/ShardGun.cs using Guid(ef396123dc2a4344aaf174a1e1219548) Importer(815301076,1909f56bfc062723c751e8b465ee728b)  -> (artifact id: '5cd58b7d9d70429327172b6cd2471d23') in 0.022248 seconds
  Import took 0.033040 seconds .

========================================================================
Received Prepare
Registering precompiled user dll's ...
Registered in 0.001491 seconds.
Begin MonoManager ReloadAssembly
Native extension for WindowsStandalone target not found
Native extension for WebGL target not found
Refreshing native plugins compatible for Editor in 0.49 ms, found 0 plugins.
Preloading 0 native plugins for Editor in 0.00 ms.
Mono: successfully reloaded assembly
- Completed reload, in  1.367 seconds
Platform modules already initialized, skipping
Script is not up to date after domain reload: guid(9779b4ec8b856074da1077cec931dca1) path("Assets/Scripts/Shard.cs") state(2)
Shader 'Universal Render Pipeline/Particles/Lit': fallback shader 'Universal Render Pipeline/Particles/SimpleLit' not found
Shader 'Universal Render Pipeline/Particles/Lit': fallback shader 'Universal Render Pipeline/Particles/SimpleLit' not found
Refreshing native plugins compatible for Editor in 0.50 ms, found 0 plugins.
Preloading 0 native plugins for Editor in 0.00 ms.
Unloading 2497 Unused Serialized files (Serialized files now loaded: 0)
System memory in use before: 121.5 MB.
System memory in use after: 119.1 MB.

Unloading 39 unused Assets to reduce memory usage. Loaded Objects now: 3071.
Total: 5.667900 ms (FindLiveObjects: 0.441500 ms CreateObjectMapping: 0.159700 ms MarkObjects: 3.460600 ms  DeleteObjects: 1.604100 ms)

========================================================================
Received Import Request.
  Time since last request: 10.959819 seconds.
  path: Assets/Scripts/Shard.cs
  artifactKey: Guid(9779b4ec8b856074da1077cec931dca1) Importer(815301076,1909f56bfc062723c751e8b465ee728b)
Start importing Assets/Scripts/Shard.cs using Guid(9779b4ec8b856074da1077cec931dca1) Importer(815301076,1909f56bfc062723c751e8b465ee728b)  -> (artifact id: '9372269f8359888809317648492754b4') in 0.010304 seconds
  Import took 0.015992 seconds .

========================================================================
Received Prepare
Registering precompiled user dll's ...
Registered in 0.001481 seconds.
Begin MonoManager ReloadAssembly
Native extension for WindowsStandalone target not found
Native extension for WebGL target not found
Refreshing native plugins compatible for Editor in 0.64 ms, found 0 plugins.
Preloading 0 native plugins for Editor in 0.00 ms.
Mono: successfully reloaded assembly
- Completed reload, in  1.331 seconds
Platform modules already initialized, skipping
Shader 'Universal Render Pipeline/Particles/Lit': fallback shader 'Universal Render Pipeline/Particles/SimpleLit' not found
Shader 'Universal Render Pipeline/Particles/Lit': fallback shader 'Universal Render Pipeline/Particles/SimpleLit' not found
Refreshing native plugins compatible for Editor in 0.45 ms, found 0 plugins.
Preloading 0 native plugins for Editor in 0.00 ms.
Unloading 2498 Unused Serialized files (Serialized files now loaded: 0)
System memory in use before: 121.5 MB.
System memory in use after: 119.1 MB.

Unloading 39 unused Assets to reduce memory usage. Loaded Objects now: 3075.
Total: 4.895000 ms (FindLiveObjects: 0.411300 ms CreateObjectMapping: 0.151300 ms MarkObjects: 2.443900 ms  DeleteObjects: 1.887000 ms)

========================================================================
Received Prepare
Registering precompiled user dll's ...
Registered in 0.001542 seconds.
Begin MonoManager ReloadAssembly
Native extension for WindowsStandalone target not found
Native extension for WebGL target not found
Refreshing native plugins compatible for Editor in 0.41 ms, found 0 plugins.
Preloading 0 native plugins for Editor in 0.00 ms.
Mono: successfully reloaded assembly
- Completed reload, in  1.221 seconds
Platform modules already initialized, skipping
Shader 'Universal Render Pipeline/Particles/Lit': fallback shader 'Universal Render Pipeline/Particles/SimpleLit' not found
Shader 'Universal Render Pipeline/Particles/Lit': fallback shader 'Universal Render Pipeline/Particles/SimpleLit' not found
Refreshing native plugins compatible for Editor in 0.46 ms, found 0 plugins.
Preloading 0 native plugins for Editor in 0.00 ms.
Unloading 2498 Unused Serialized files (Serialized files now loaded: 0)
System memory in use before: 121.6 MB.
System memory in use after: 119.2 MB.

Unloading 39 unused Assets to reduce memory usage. Loaded Objects now: 3078.
Total: 5.952300 ms (FindLiveObjects: 0.369400 ms CreateObjectMapping: 0.194500 ms MarkObjects: 2.990700 ms  DeleteObjects: 2.395200 ms)

========================================================================
Received Import Request.
  Time since last request: 1034.055432 seconds.
  path: Assets/Scripts/ShardGun.cs
  artifactKey: Guid(ef396123dc2a4344aaf174a1e1219548) Importer(815301076,1909f56bfc062723c751e8b465ee728b)
Start importing Assets/Scripts/ShardGun.cs using Guid(ef396123dc2a4344aaf174a1e1219548) Importer(815301076,1909f56bfc062723c751e8b465ee728b)  -> (artifact id: '6bc774871a14def4c25ca23a41acab03') in 0.008020 seconds
  Import took 0.016315 seconds .

========================================================================
Received Prepare
Registering precompiled user dll's ...
Registered in 0.001986 seconds.
Begin MonoManager ReloadAssembly
Native extension for WindowsStandalone target not found
Native extension for WebGL target not found
Refreshing native plugins compatible for Editor in 0.49 ms, found 0 plugins.
Preloading 0 native plugins for Editor in 0.00 ms.
Mono: successfully reloaded assembly
- Completed reload, in  1.145 seconds
Platform modules already initialized, skipping
Shader 'Universal Render Pipeline/Particles/Lit': fallback shader 'Universal Render Pipeline/Particles/SimpleLit' not found
Shader 'Universal Render Pipeline/Particles/Lit': fallback shader 'Universal Render Pipeline/Particles/SimpleLit' not found
Refreshing native plugins compatible for Editor in 0.57 ms, found 0 plugins.
Preloading 0 native plugins for Editor in 0.00 ms.
Unloading 2498 Unused Serialized files (Serialized files now loaded: 0)
System memory in use before: 121.5 MB.
System memory in use after: 119.1 MB.

Unloading 39 unused Assets to reduce memory usage. Loaded Objects now: 3081.
Total: 5.835900 ms (FindLiveObjects: 0.631400 ms CreateObjectMapping: 0.202200 ms MarkObjects: 3.390900 ms  DeleteObjects: 1.609900 ms)

========================================================================
Received Import Request.
  Time since last request: 72.747029 seconds.
  path: Assets/Scripts/ShardGun.cs
  artifactKey: Guid(ef396123dc2a4344aaf174a1e1219548) Importer(815301076,1909f56bfc062723c751e8b465ee728b)
Start importing Assets/Scripts/ShardGun.cs using Guid(ef396123dc2a4344aaf174a1e1219548) Importer(815301076,1909f56bfc062723c751e8b465ee728b)  -> (artifact id: '29d81f2ec1f69d4d546345535518464c') in 0.006972 seconds
  Import took 0.012331 seconds .

========================================================================
Received Import Request.
  Time since last request: 1.974877 seconds.
  path: Assets/Scripts/ShardGun.cs
  artifactKey: Guid(ef396123dc2a4344aaf174a1e1219548) Importer(815301076,1909f56bfc062723c751e8b465ee728b)
Start importing Assets/Scripts/ShardGun.cs using Guid(ef396123dc2a4344aaf174a1e1219548) Importer(815301076,1909f56bfc062723c751e8b465ee728b)  -> (artifact id: '29d81f2ec1f69d4d546345535518464c') in 0.004179 seconds
  Import took 0.012446 seconds .

========================================================================
Received Prepare
Registering precompiled user dll's ...
Registered in 0.001906 seconds.
Begin MonoManager ReloadAssembly
Native extension for WindowsStandalone target not found
Native extension for WebGL target not found
Refreshing native plugins compatible for Editor in 0.47 ms, found 0 plugins.
Preloading 0 native plugins for Editor in 0.00 ms.
Mono: successfully reloaded assembly
- Completed reload, in  1.099 seconds
Platform modules already initialized, skipping
Shader 'Universal Render Pipeline/Particles/Lit': fallback shader 'Universal Render Pipeline/Particles/SimpleLit' not found
Shader 'Universal Render Pipeline/Particles/Lit': fallback shader 'Universal Render Pipeline/Particles/SimpleLit' not found
Refreshing native plugins compatible for Editor in 0.58 ms, found 0 plugins.
Preloading 0 native plugins for Editor in 0.00 ms.
Unloading 2498 Unused Serialized files (Serialized files now loaded: 0)
System memory in use before: 121.6 MB.
System memory in use after: 119.2 MB.

Unloading 39 unused Assets to reduce memory usage. Loaded Objects now: 3084.
Total: 5.354600 ms (FindLiveObjects: 0.526300 ms CreateObjectMapping: 0.209000 ms MarkObjects: 2.903200 ms  DeleteObjects: 1.714300 ms)

========================================================================
Received Import Request.
  Time since last request: 96.650220 seconds.
  path: Assets/Materials/BulletEnemy.mat
  artifactKey: Guid(e24b3588d18881646bb39f4bfd674172) Importer(815301076,1909f56bfc062723c751e8b465ee728b)
Start importing Assets/Materials/BulletEnemy.mat using Guid(e24b3588d18881646bb39f4bfd674172) Importer(815301076,1909f56bfc062723c751e8b465ee728b)  -> (artifact id: 'dded907a4c82a0eac460658513b32456') in 0.220036 seconds
  Import took 0.226835 seconds .

========================================================================
Received Import Request.
  Time since last request: 0.000262 seconds.
  path: Assets/Materials/Shard.mat
  artifactKey: Guid(cd01e086b29bbc848ace378b9006b209) Importer(815301076,1909f56bfc062723c751e8b465ee728b)
Start importing Assets/Materials/Shard.mat using Guid(cd01e086b29bbc848ace378b9006b209) Importer(815301076,1909f56bfc062723c751e8b465ee728b)  -> (artifact id: 'a1cc4c85e3fa631745a180bf236e35e4') in 0.012856 seconds
  Import took 0.018366 seconds .

========================================================================
Received Import Request.
  Time since last request: 25.616169 seconds.
  path: Assets/Prefabs/Shard.prefab
  artifactKey: Guid(9c8c8a86c6a1aa44fa5de2d019722fa4) Importer(815301076,1909f56bfc062723c751e8b465ee728b)
Start importing Assets/Prefabs/Shard.prefab using Guid(9c8c8a86c6a1aa44fa5de2d019722fa4) Importer(815301076,1909f56bfc062723c751e8b465ee728b)  -> (artifact id: '0e3e476f8fd892a822172498a4646835') in 0.032061 seconds
  Import took 0.038158 seconds .

========================================================================
Received Import Request.
  Time since last request: 55.937533 seconds.
  path: Assets/Prefabs/Shard.prefab
  artifactKey: Guid(9c8c8a86c6a1aa44fa5de2d019722fa4) Importer(815301076,1909f56bfc062723c751e8b465ee728b)
Start importing Assets/Prefabs/Shard.prefab using Guid(9c8c8a86c6a1aa44fa5de2d019722fa4) Importer(815301076,1909f56bfc062723c751e8b465ee728b)  -> (artifact id: 'a59faee0c720118097474ae4f6b767dc') in 0.030695 seconds
  Import took 0.038494 seconds .

========================================================================
Received Prepare
Registering precompiled user dll's ...
Registered in 0.001552 seconds.
Begin MonoManager ReloadAssembly
Native extension for WindowsStandalone target not found
Native extension for WebGL target not found
Refreshing native plugins compatible for Editor in 1.27 ms, found 0 plugins.
Preloading 0 native plugins for Editor in 0.00 ms.
Mono: successfully reloaded assembly
- Completed reload, in  1.358 seconds
Platform modules already initialized, skipping
Shader 'Universal Render Pipeline/Particles/Lit': fallback shader 'Universal Render Pipeline/Particles/SimpleLit' not found
Shader 'Universal Render Pipeline/Particles/Lit': fallback shader 'Universal Render Pipeline/Particles/SimpleLit' not found
Refreshing native plugins compatible for Editor in 0.81 ms, found 0 plugins.
Preloading 0 native plugins for Editor in 0.00 ms.
Unloading 2498 Unused Serialized files (Serialized files now loaded: 0)
System memory in use before: 121.7 MB.
System memory in use after: 119.3 MB.

Unloading 39 unused Assets to reduce memory usage. Loaded Objects now: 3123.
Total: 5.580700 ms (FindLiveObjects: 0.393000 ms CreateObjectMapping: 0.162400 ms MarkObjects: 3.040700 ms  DeleteObjects: 1.982200 ms)

========================================================================
Received Prepare
Registering precompiled user dll's ...
Registered in 0.001679 seconds.
Begin MonoManager ReloadAssembly
Native extension for WindowsStandalone target not found
Native extension for WebGL target not found
Refreshing native plugins compatible for Editor in 0.41 ms, found 0 plugins.
Preloading 0 native plugins for Editor in 0.00 ms.
Mono: successfully reloaded assembly
- Completed reload, in  1.199 seconds
Platform modules already initialized, skipping
Shader 'Universal Render Pipeline/Particles/Lit': fallback shader 'Universal Render Pipeline/Particles/SimpleLit' not found
Shader 'Universal Render Pipeline/Particles/Lit': fallback shader 'Universal Render Pipeline/Particles/SimpleLit' not found
Refreshing native plugins compatible for Editor in 0.50 ms, found 0 plugins.
Preloading 0 native plugins for Editor in 0.00 ms.
Unloading 2498 Unused Serialized files (Serialized files now loaded: 0)
System memory in use before: 121.8 MB.
System memory in use after: 119.3 MB.

Unloading 39 unused Assets to reduce memory usage. Loaded Objects now: 3126.
Total: 5.216500 ms (FindLiveObjects: 0.535400 ms CreateObjectMapping: 0.168600 ms MarkObjects: 2.596700 ms  DeleteObjects: 1.914500 ms)

========================================================================
Received Prepare
Registering precompiled user dll's ...
Registered in 0.001819 seconds.
Begin MonoManager ReloadAssembly
Native extension for WindowsStandalone target not found
Native extension for WebGL target not found
Refreshing native plugins compatible for Editor in 0.46 ms, found 0 plugins.
Preloading 0 native plugins for Editor in 0.00 ms.
Mono: successfully reloaded assembly
- Completed reload, in  1.135 seconds
Platform modules already initialized, skipping
Shader 'Universal Render Pipeline/Particles/Lit': fallback shader 'Universal Render Pipeline/Particles/SimpleLit' not found
Shader 'Universal Render Pipeline/Particles/Lit': fallback shader 'Universal Render Pipeline/Particles/SimpleLit' not found
Refreshing native plugins compatible for Editor in 0.54 ms, found 0 plugins.
Preloading 0 native plugins for Editor in 0.00 ms.
Unloading 2498 Unused Serialized files (Serialized files now loaded: 0)
System memory in use before: 121.7 MB.
System memory in use after: 119.3 MB.

Unloading 39 unused Assets to reduce memory usage. Loaded Objects now: 3129.
Total: 4.993200 ms (FindLiveObjects: 0.535500 ms CreateObjectMapping: 0.215200 ms MarkObjects: 2.506600 ms  DeleteObjects: 1.734400 ms)

========================================================================
Received Prepare
Registering precompiled user dll's ...
Registered in 0.001641 seconds.
Begin MonoManager ReloadAssembly
Native extension for WindowsStandalone target not found
Native extension for WebGL target not found
Refreshing native plugins compatible for Editor in 0.41 ms, found 0 plugins.
Preloading 0 native plugins for Editor in 0.00 ms.
Mono: successfully reloaded assembly
- Completed reload, in  1.267 seconds
Platform modules already initialized, skipping
Shader 'Universal Render Pipeline/Particles/Lit': fallback shader 'Universal Render Pipeline/Particles/SimpleLit' not found
Shader 'Universal Render Pipeline/Particles/Lit': fallback shader 'Universal Render Pipeline/Particles/SimpleLit' not found
Refreshing native plugins compatible for Editor in 0.60 ms, found 0 plugins.
Preloading 0 native plugins for Editor in 0.00 ms.
Unloading 2498 Unused Serialized files (Serialized files now loaded: 0)
System memory in use before: 121.7 MB.
System memory in use after: 119.3 MB.

Unloading 39 unused Assets to reduce memory usage. Loaded Objects now: 3132.
Total: 4.824500 ms (FindLiveObjects: 0.382800 ms CreateObjectMapping: 0.199000 ms MarkObjects: 2.264200 ms  DeleteObjects: 1.977500 ms)

========================================================================
Received Prepare
Registering precompiled user dll's ...
Registered in 0.001802 seconds.
Begin MonoManager ReloadAssembly
Native extension for WindowsStandalone target not found
Native extension for WebGL target not found
Refreshing native plugins compatible for Editor in 0.42 ms, found 0 plugins.
Preloading 0 native plugins for Editor in 0.00 ms.
Mono: successfully reloaded assembly
- Completed reload, in  1.103 seconds
Platform modules already initialized, skipping
Shader 'Universal Render Pipeline/Particles/Lit': fallback shader 'Universal Render Pipeline/Particles/SimpleLit' not found
Shader 'Universal Render Pipeline/Particles/Lit': fallback shader 'Universal Render Pipeline/Particles/SimpleLit' not found
Refreshing native plugins compatible for Editor in 0.54 ms, found 0 plugins.
Preloading 0 native plugins for Editor in 0.00 ms.
Unloading 2498 Unused Serialized files (Serialized files now loaded: 0)
System memory in use before: 121.8 MB.
System memory in use after: 119.4 MB.

Unloading 39 unused Assets to reduce memory usage. Loaded Objects now: 3135.
Total: 4.867900 ms (FindLiveObjects: 0.557600 ms CreateObjectMapping: 0.331800 ms MarkObjects: 2.433400 ms  DeleteObjects: 1.543900 ms)

========================================================================
Received Prepare
Registering precompiled user dll's ...
Registered in 0.002611 seconds.
Begin MonoManager ReloadAssembly
Native extension for WindowsStandalone target not found
Native extension for WebGL target not found
Refreshing native plugins compatible for Editor in 0.52 ms, found 0 plugins.
Preloading 0 native plugins for Editor in 0.00 ms.
Mono: successfully reloaded assembly
- Completed reload, in  1.169 seconds
Platform modules already initialized, skipping
Shader 'Universal Render Pipeline/Particles/Lit': fallback shader 'Universal Render Pipeline/Particles/SimpleLit' not found
Shader 'Universal Render Pipeline/Particles/Lit': fallback shader 'Universal Render Pipeline/Particles/SimpleLit' not found
Refreshing native plugins compatible for Editor in 0.48 ms, found 0 plugins.
Preloading 0 native plugins for Editor in 0.00 ms.
Unloading 2498 Unused Serialized files (Serialized files now loaded: 0)
System memory in use before: 121.7 MB.
System memory in use after: 119.4 MB.

Unloading 39 unused Assets to reduce memory usage. Loaded Objects now: 3138.
Total: 4.546800 ms (FindLiveObjects: 0.344700 ms CreateObjectMapping: 0.171700 ms MarkObjects: 2.472100 ms  DeleteObjects: 1.557100 ms)

========================================================================
Received Prepare
Registering precompiled user dll's ...
Registered in 0.001523 seconds.
Begin MonoManager ReloadAssembly
Native extension for WindowsStandalone target not found
Native extension for WebGL target not found
Refreshing native plugins compatible for Editor in 0.45 ms, found 0 plugins.
Preloading 0 native plugins for Editor in 0.00 ms.
Mono: successfully reloaded assembly
- Completed reload, in  1.316 seconds
Platform modules already initialized, skipping
Shader 'Universal Render Pipeline/Particles/Lit': fallback shader 'Universal Render Pipeline/Particles/SimpleLit' not found
Shader 'Universal Render Pipeline/Particles/Lit': fallback shader 'Universal Render Pipeline/Particles/SimpleLit' not found
Refreshing native plugins compatible for Editor in 0.45 ms, found 0 plugins.
Preloading 0 native plugins for Editor in 0.00 ms.
Unloading 2498 Unused Serialized files (Serialized files now loaded: 0)
System memory in use before: 121.8 MB.
System memory in use after: 119.4 MB.

Unloading 39 unused Assets to reduce memory usage. Loaded Objects now: 3141.
Total: 6.143300 ms (FindLiveObjects: 0.349800 ms CreateObjectMapping: 0.185900 ms MarkObjects: 3.556500 ms  DeleteObjects: 2.046600 ms)

========================================================================
Received Prepare
Registering precompiled user dll's ...
Registered in 0.001575 seconds.
Begin MonoManager ReloadAssembly
Native extension for WindowsStandalone target not found
Native extension for WebGL target not found
Refreshing native plugins compatible for Editor in 0.67 ms, found 0 plugins.
Preloading 0 native plugins for Editor in 0.00 ms.
Mono: successfully reloaded assembly
- Completed reload, in  1.193 seconds
Platform modules already initialized, skipping
Shader 'Universal Render Pipeline/Particles/Lit': fallback shader 'Universal Render Pipeline/Particles/SimpleLit' not found
Shader 'Universal Render Pipeline/Particles/Lit': fallback shader 'Universal Render Pipeline/Particles/SimpleLit' not found
Refreshing native plugins compatible for Editor in 0.45 ms, found 0 plugins.
Preloading 0 native plugins for Editor in 0.00 ms.
Unloading 2498 Unused Serialized files (Serialized files now loaded: 0)
System memory in use before: 121.8 MB.
System memory in use after: 119.4 MB.

Unloading 39 unused Assets to reduce memory usage. Loaded Objects now: 3144.
Total: 4.818200 ms (FindLiveObjects: 0.526000 ms CreateObjectMapping: 0.181300 ms MarkObjects: 2.323200 ms  DeleteObjects: 1.786100 ms)

========================================================================
Received Prepare
Registering precompiled user dll's ...
Registered in 0.001874 seconds.
Begin MonoManager ReloadAssembly
Native extension for WindowsStandalone target not found
Native extension for WebGL target not found
Refreshing native plugins compatible for Editor in 0.70 ms, found 0 plugins.
Preloading 0 native plugins for Editor in 0.00 ms.
Mono: successfully reloaded assembly
- Completed reload, in  1.287 seconds
Platform modules already initialized, skipping
Shader 'Universal Render Pipeline/Particles/Lit': fallback shader 'Universal Render Pipeline/Particles/SimpleLit' not found
Shader 'Universal Render Pipeline/Particles/Lit': fallback shader 'Universal Render Pipeline/Particles/SimpleLit' not found
Refreshing native plugins compatible for Editor in 0.46 ms, found 0 plugins.
Preloading 0 native plugins for Editor in 0.00 ms.
Unloading 2498 Unused Serialized files (Serialized files now loaded: 0)
System memory in use before: 121.8 MB.
System memory in use after: 119.4 MB.

Unloading 39 unused Assets to reduce memory usage. Loaded Objects now: 3147.
Total: 5.151000 ms (FindLiveObjects: 0.444700 ms CreateObjectMapping: 0.220300 ms MarkObjects: 2.689000 ms  DeleteObjects: 1.795900 ms)

========================================================================
Received Import Request.
  Time since last request: 887.318688 seconds.
  path: Assets/Materials/Shard.mat
  artifactKey: Guid(cd01e086b29bbc848ace378b9006b209) Importer(815301076,1909f56bfc062723c751e8b465ee728b)
Start importing Assets/Materials/Shard.mat using Guid(cd01e086b29bbc848ace378b9006b209) Importer(815301076,1909f56bfc062723c751e8b465ee728b)  -> (artifact id: 'fef1705b2aa93293c8884203547f40fb') in 0.223786 seconds
  Import took 0.229085 seconds .

========================================================================
Received Import Request.
  Time since last request: 0.003601 seconds.
  path: Assets/Materials/Shard.mat
  artifactKey: Guid(cd01e086b29bbc848ace378b9006b209) Importer(815301076,1909f56bfc062723c751e8b465ee728b)
Start importing Assets/Materials/Shard.mat using Guid(cd01e086b29bbc848ace378b9006b209) Importer(815301076,1909f56bfc062723c751e8b465ee728b)  -> (artifact id: 'fef1705b2aa93293c8884203547f40fb') in 0.018760 seconds
  Import took 0.024804 seconds .

========================================================================
Received Prepare
Registering precompiled user dll's ...
Registered in 0.001950 seconds.
Begin MonoManager ReloadAssembly
Native extension for WindowsStandalone target not found
Native extension for WebGL target not found
Refreshing native plugins compatible for Editor in 0.51 ms, found 0 plugins.
Preloading 0 native plugins for Editor in 0.00 ms.
Mono: successfully reloaded assembly
- Completed reload, in  1.231 seconds
Platform modules already initialized, skipping
Shader 'Universal Render Pipeline/Particles/Lit': fallback shader 'Universal Render Pipeline/Particles/SimpleLit' not found
Shader 'Universal Render Pipeline/Particles/Lit': fallback shader 'Universal Render Pipeline/Particles/SimpleLit' not found
Refreshing native plugins compatible for Editor in 0.48 ms, found 0 plugins.
Preloading 0 native plugins for Editor in 0.00 ms.
Unloading 2498 Unused Serialized files (Serialized files now loaded: 0)
System memory in use before: 121.9 MB.
System memory in use after: 119.5 MB.

Unloading 39 unused Assets to reduce memory usage. Loaded Objects now: 3186.
Total: 4.926300 ms (FindLiveObjects: 0.455400 ms CreateObjectMapping: 0.166800 ms MarkObjects: 2.634000 ms  DeleteObjects: 1.668300 ms)

========================================================================
Received Import Request.
  Time since last request: 23.347421 seconds.
  path: Assets/Prefabs/Bullet.prefab
  artifactKey: Guid(ef8b3db5949d91b4e9c878590fe37e2c) Importer(815301076,1909f56bfc062723c751e8b465ee728b)
Start importing Assets/Prefabs/Bullet.prefab using Guid(ef8b3db5949d91b4e9c878590fe37e2c) Importer(815301076,1909f56bfc062723c751e8b465ee728b)  -> (artifact id: '35e9f85147dbe195eb2ea78ee2fec0af') in 0.190299 seconds
  Import took 0.196259 seconds .

========================================================================
Received Import Request.
  Time since last request: 0.000359 seconds.
  path: Assets/Prefabs/Shard.prefab
  artifactKey: Guid(9c8c8a86c6a1aa44fa5de2d019722fa4) Importer(815301076,1909f56bfc062723c751e8b465ee728b)
Start importing Assets/Prefabs/Shard.prefab using Guid(9c8c8a86c6a1aa44fa5de2d019722fa4) Importer(815301076,1909f56bfc062723c751e8b465ee728b)  -> (artifact id: 'b753ec66e0a4a70682e532978e9412d7') in 0.015285 seconds
  Import took 0.021793 seconds .

========================================================================
Received Import Request.
  Time since last request: 0.398210 seconds.
  path: Assets/Prefabs/Shard.prefab
  artifactKey: Guid(9c8c8a86c6a1aa44fa5de2d019722fa4) Importer(815301076,1909f56bfc062723c751e8b465ee728b)
Start importing Assets/Prefabs/Shard.prefab using Guid(9c8c8a86c6a1aa44fa5de2d019722fa4) Importer(815301076,1909f56bfc062723c751e8b465ee728b)  -> (artifact id: 'f1c43c99895626130629a260024cd2d5') in 0.014677 seconds
  Import took 0.021715 seconds .

========================================================================
Received Prepare
Registering precompiled user dll's ...
Registered in 0.001506 seconds.
Begin MonoManager ReloadAssembly
Native extension for WindowsStandalone target not found
Native extension for WebGL target not found
Refreshing native plugins compatible for Editor in 0.41 ms, found 0 plugins.
Preloading 0 native plugins for Editor in 0.00 ms.
Mono: successfully reloaded assembly
- Completed reload, in  1.236 seconds
Platform modules already initialized, skipping
Shader 'Universal Render Pipeline/Particles/Lit': fallback shader 'Universal Render Pipeline/Particles/SimpleLit' not found
Shader 'Universal Render Pipeline/Particles/Lit': fallback shader 'Universal Render Pipeline/Particles/SimpleLit' not found
Refreshing native plugins compatible for Editor in 0.44 ms, found 0 plugins.
Preloading 0 native plugins for Editor in 0.00 ms.
Unloading 2498 Unused Serialized files (Serialized files now loaded: 0)
System memory in use before: 122.1 MB.
System memory in use after: 119.6 MB.

Unloading 39 unused Assets to reduce memory usage. Loaded Objects now: 3225.
Total: 4.988400 ms (FindLiveObjects: 0.616000 ms CreateObjectMapping: 0.240000 ms MarkObjects: 2.613600 ms  DeleteObjects: 1.517400 ms)

========================================================================
Received Prepare
Registering precompiled user dll's ...
Registered in 0.002248 seconds.
Begin MonoManager ReloadAssembly
Native extension for WindowsStandalone target not found
Native extension for WebGL target not found
Refreshing native plugins compatible for Editor in 0.41 ms, found 0 plugins.
Preloading 0 native plugins for Editor in 0.00 ms.
Mono: successfully reloaded assembly
- Completed reload, in  1.166 seconds
Platform modules already initialized, skipping
Shader 'Universal Render Pipeline/Particles/Lit': fallback shader 'Universal Render Pipeline/Particles/SimpleLit' not found
Shader 'Universal Render Pipeline/Particles/Lit': fallback shader 'Universal Render Pipeline/Particles/SimpleLit' not found
Refreshing native plugins compatible for Editor in 0.55 ms, found 0 plugins.
Preloading 0 native plugins for Editor in 0.00 ms.
Unloading 2498 Unused Serialized files (Serialized files now loaded: 0)
System memory in use before: 121.9 MB.
System memory in use after: 119.6 MB.

Unloading 39 unused Assets to reduce memory usage. Loaded Objects now: 3228.
Total: 5.642700 ms (FindLiveObjects: 0.351800 ms CreateObjectMapping: 0.164000 ms MarkObjects: 3.443200 ms  DeleteObjects: 1.681100 ms)

========================================================================
Received Prepare
Registering precompiled user dll's ...
Registered in 0.002677 seconds.
Begin MonoManager ReloadAssembly
Native extension for WindowsStandalone target not found
Native extension for WebGL target not found
Refreshing native plugins compatible for Editor in 0.42 ms, found 0 plugins.
Preloading 0 native plugins for Editor in 0.00 ms.
Mono: successfully reloaded assembly
- Completed reload, in  1.190 seconds
Platform modules already initialized, skipping
Shader 'Universal Render Pipeline/Particles/Lit': fallback shader 'Universal Render Pipeline/Particles/SimpleLit' not found
Shader 'Universal Render Pipeline/Particles/Lit': fallback shader 'Universal Render Pipeline/Particles/SimpleLit' not found
Refreshing native plugins compatible for Editor in 0.51 ms, found 0 plugins.
Preloading 0 native plugins for Editor in 0.00 ms.
Unloading 2498 Unused Serialized files (Serialized files now loaded: 0)
System memory in use before: 122.1 MB.
System memory in use after: 119.7 MB.

Unloading 39 unused Assets to reduce memory usage. Loaded Objects now: 3231.
Total: 6.463200 ms (FindLiveObjects: 0.343800 ms CreateObjectMapping: 0.160300 ms MarkObjects: 3.792400 ms  DeleteObjects: 2.164600 ms)

========================================================================
Received Prepare
Registering precompiled user dll's ...
Registered in 0.001702 seconds.
Begin MonoManager ReloadAssembly
Native extension for WindowsStandalone target not found
Native extension for WebGL target not found
Refreshing native plugins compatible for Editor in 0.42 ms, found 0 plugins.
Preloading 0 native plugins for Editor in 0.00 ms.
Mono: successfully reloaded assembly
- Completed reload, in  1.262 seconds
Platform modules already initialized, skipping
Shader 'Universal Render Pipeline/Particles/Lit': fallback shader 'Universal Render Pipeline/Particles/SimpleLit' not found
Shader 'Universal Render Pipeline/Particles/Lit': fallback shader 'Universal Render Pipeline/Particles/SimpleLit' not found
Refreshing native plugins compatible for Editor in 0.53 ms, found 0 plugins.
Preloading 0 native plugins for Editor in 0.00 ms.
Unloading 2498 Unused Serialized files (Serialized files now loaded: 0)
System memory in use before: 122.1 MB.
System memory in use after: 119.7 MB.

Unloading 39 unused Assets to reduce memory usage. Loaded Objects now: 3234.
Total: 5.234200 ms (FindLiveObjects: 0.516400 ms CreateObjectMapping: 0.207400 ms MarkObjects: 2.955100 ms  DeleteObjects: 1.553900 ms)

========================================================================
Received Prepare
Registering precompiled user dll's ...
Registered in 0.001470 seconds.
Begin MonoManager ReloadAssembly
Native extension for WindowsStandalone target not found
Native extension for WebGL target not found
Refreshing native plugins compatible for Editor in 0.44 ms, found 0 plugins.
Preloading 0 native plugins for Editor in 0.00 ms.
Mono: successfully reloaded assembly
- Completed reload, in  1.163 seconds
Platform modules already initialized, skipping
Shader 'Universal Render Pipeline/Particles/Lit': fallback shader 'Universal Render Pipeline/Particles/SimpleLit' not found
Shader 'Universal Render Pipeline/Particles/Lit': fallback shader 'Universal Render Pipeline/Particles/SimpleLit' not found
Refreshing native plugins compatible for Editor in 0.49 ms, found 0 plugins.
Preloading 0 native plugins for Editor in 0.00 ms.
Unloading 2498 Unused Serialized files (Serialized files now loaded: 0)
System memory in use before: 122.1 MB.
System memory in use after: 119.7 MB.

Unloading 39 unused Assets to reduce memory usage. Loaded Objects now: 3237.
Total: 6.366700 ms (FindLiveObjects: 0.485900 ms CreateObjectMapping: 0.218900 ms MarkObjects: 3.517300 ms  DeleteObjects: 2.142900 ms)

========================================================================
Received Prepare
Registering precompiled user dll's ...
Registered in 0.001537 seconds.
Begin MonoManager ReloadAssembly
Native extension for WindowsStandalone target not found
Native extension for WebGL target not found
Refreshing native plugins compatible for Editor in 0.43 ms, found 0 plugins.
Preloading 0 native plugins for Editor in 0.00 ms.
Mono: successfully reloaded assembly
- Completed reload, in  1.295 seconds
Platform modules already initialized, skipping
Shader 'Universal Render Pipeline/Particles/Lit': fallback shader 'Universal Render Pipeline/Particles/SimpleLit' not found
Shader 'Universal Render Pipeline/Particles/Lit': fallback shader 'Universal Render Pipeline/Particles/SimpleLit' not found
Refreshing native plugins compatible for Editor in 0.50 ms, found 0 plugins.
Preloading 0 native plugins for Editor in 0.00 ms.
Unloading 2498 Unused Serialized files (Serialized files now loaded: 0)
System memory in use before: 122.1 MB.
System memory in use after: 119.7 MB.

Unloading 39 unused Assets to reduce memory usage. Loaded Objects now: 3240.
Total: 4.361500 ms (FindLiveObjects: 0.363500 ms CreateObjectMapping: 0.139200 ms MarkObjects: 2.368900 ms  DeleteObjects: 1.488500 ms)

========================================================================
Received Prepare
Registering precompiled user dll's ...
Registered in 0.002688 seconds.
Begin MonoManager ReloadAssembly
Native extension for WindowsStandalone target not found
Native extension for WebGL target not found
Refreshing native plugins compatible for Editor in 0.75 ms, found 0 plugins.
Preloading 0 native plugins for Editor in 0.00 ms.
Mono: successfully reloaded assembly
- Completed reload, in  1.230 seconds
Platform modules already initialized, skipping
Shader 'Universal Render Pipeline/Particles/Lit': fallback shader 'Universal Render Pipeline/Particles/SimpleLit' not found
Shader 'Universal Render Pipeline/Particles/Lit': fallback shader 'Universal Render Pipeline/Particles/SimpleLit' not found
Refreshing native plugins compatible for Editor in 0.59 ms, found 0 plugins.
Preloading 0 native plugins for Editor in 0.00 ms.
Unloading 2498 Unused Serialized files (Serialized files now loaded: 0)
System memory in use before: 122.0 MB.
System memory in use after: 119.6 MB.

Unloading 39 unused Assets to reduce memory usage. Loaded Objects now: 3243.
Total: 4.457800 ms (FindLiveObjects: 0.438800 ms CreateObjectMapping: 0.123200 ms MarkObjects: 2.374000 ms  DeleteObjects: 1.520100 ms)

========================================================================
Received Prepare
Registering precompiled user dll's ...
Registered in 0.002717 seconds.
Begin MonoManager ReloadAssembly
Native extension for WindowsStandalone target not found
Native extension for WebGL target not found
Refreshing native plugins compatible for Editor in 0.74 ms, found 0 plugins.
Preloading 0 native plugins for Editor in 0.00 ms.
Mono: successfully reloaded assembly
- Completed reload, in  1.231 seconds
Platform modules already initialized, skipping
Shader 'Universal Render Pipeline/Particles/Lit': fallback shader 'Universal Render Pipeline/Particles/SimpleLit' not found
Shader 'Universal Render Pipeline/Particles/Lit': fallback shader 'Universal Render Pipeline/Particles/SimpleLit' not found
Refreshing native plugins compatible for Editor in 0.84 ms, found 0 plugins.
Preloading 0 native plugins for Editor in 0.00 ms.
Unloading 2498 Unused Serialized files (Serialized files now loaded: 0)
System memory in use before: 122.1 MB.
System memory in use after: 119.7 MB.

Unloading 39 unused Assets to reduce memory usage. Loaded Objects now: 3246.
Total: 5.565100 ms (FindLiveObjects: 0.440300 ms CreateObjectMapping: 0.186500 ms MarkObjects: 3.240700 ms  DeleteObjects: 1.695700 ms)

========================================================================
Received Prepare
Registering precompiled user dll's ...
Registered in 0.001549 seconds.
Begin MonoManager ReloadAssembly
Native extension for WindowsStandalone target not found
Native extension for WebGL target not found
Refreshing native plugins compatible for Editor in 0.54 ms, found 0 plugins.
Preloading 0 native plugins for Editor in 0.00 ms.
Mono: successfully reloaded assembly
- Completed reload, in  1.196 seconds
Platform modules already initialized, skipping
Shader 'Universal Render Pipeline/Particles/Lit': fallback shader 'Universal Render Pipeline/Particles/SimpleLit' not found
Shader 'Universal Render Pipeline/Particles/Lit': fallback shader 'Universal Render Pipeline/Particles/SimpleLit' not found
Refreshing native plugins compatible for Editor in 0.51 ms, found 0 plugins.
Preloading 0 native plugins for Editor in 0.00 ms.
Unloading 2498 Unused Serialized files (Serialized files now loaded: 0)
System memory in use before: 122.1 MB.
System memory in use after: 119.7 MB.

Unloading 39 unused Assets to reduce memory usage. Loaded Objects now: 3249.
Total: 4.367400 ms (FindLiveObjects: 0.528100 ms CreateObjectMapping: 0.158900 ms MarkObjects: 2.127000 ms  DeleteObjects: 1.552000 ms)

========================================================================
Received Prepare
Registering precompiled user dll's ...
Registered in 0.001802 seconds.
Begin MonoManager ReloadAssembly
Native extension for WindowsStandalone target not found
Native extension for WebGL target not found
Refreshing native plugins compatible for Editor in 0.45 ms, found 0 plugins.
Preloading 0 native plugins for Editor in 0.00 ms.
Mono: successfully reloaded assembly
- Completed reload, in  1.303 seconds
Platform modules already initialized, skipping
Shader 'Universal Render Pipeline/Particles/Lit': fallback shader 'Universal Render Pipeline/Particles/SimpleLit' not found
Shader 'Universal Render Pipeline/Particles/Lit': fallback shader 'Universal Render Pipeline/Particles/SimpleLit' not found
Refreshing native plugins compatible for Editor in 0.53 ms, found 0 plugins.
Preloading 0 native plugins for Editor in 0.00 ms.
Unloading 2498 Unused Serialized files (Serialized files now loaded: 0)
System memory in use before: 122.1 MB.
System memory in use after: 119.7 MB.

Unloading 39 unused Assets to reduce memory usage. Loaded Objects now: 3252.
Total: 4.483700 ms (FindLiveObjects: 0.305700 ms CreateObjectMapping: 0.151400 ms MarkObjects: 2.395100 ms  DeleteObjects: 1.629600 ms)

========================================================================
Received Prepare
Registering precompiled user dll's ...
Registered in 0.001509 seconds.
Begin MonoManager ReloadAssembly
Native extension for WindowsStandalone target not found
Native extension for WebGL target not found
Refreshing native plugins compatible for Editor in 0.43 ms, found 0 plugins.
Preloading 0 native plugins for Editor in 0.00 ms.
Mono: successfully reloaded assembly
- Completed reload, in  1.133 seconds
Platform modules already initialized, skipping
Shader 'Universal Render Pipeline/Particles/Lit': fallback shader 'Universal Render Pipeline/Particles/SimpleLit' not found
Shader 'Universal Render Pipeline/Particles/Lit': fallback shader 'Universal Render Pipeline/Particles/SimpleLit' not found
Refreshing native plugins compatible for Editor in 0.47 ms, found 0 plugins.
Preloading 0 native plugins for Editor in 0.00 ms.
Unloading 2498 Unused Serialized files (Serialized files now loaded: 0)
System memory in use before: 122.1 MB.
System memory in use after: 119.7 MB.

Unloading 39 unused Assets to reduce memory usage. Loaded Objects now: 3255.
Total: 4.935000 ms (FindLiveObjects: 0.333500 ms CreateObjectMapping: 0.140100 ms MarkObjects: 2.782700 ms  DeleteObjects: 1.676600 ms)

========================================================================
Received Prepare
Registering precompiled user dll's ...
Registered in 0.001552 seconds.
Begin MonoManager ReloadAssembly
Native extension for WindowsStandalone target not found
Native extension for WebGL target not found
Refreshing native plugins compatible for Editor in 0.58 ms, found 0 plugins.
Preloading 0 native plugins for Editor in 0.00 ms.
Mono: successfully reloaded assembly
- Completed reload, in  1.196 seconds
Platform modules already initialized, skipping
Shader 'Universal Render Pipeline/Particles/Lit': fallback shader 'Universal Render Pipeline/Particles/SimpleLit' not found
Shader 'Universal Render Pipeline/Particles/Lit': fallback shader 'Universal Render Pipeline/Particles/SimpleLit' not found
Refreshing native plugins compatible for Editor in 0.49 ms, found 0 plugins.
Preloading 0 native plugins for Editor in 0.00 ms.
Unloading 2498 Unused Serialized files (Serialized files now loaded: 0)
System memory in use before: 122.0 MB.
System memory in use after: 119.6 MB.

Unloading 39 unused Assets to reduce memory usage. Loaded Objects now: 3258.
Total: 8.716200 ms (FindLiveObjects: 0.712100 ms CreateObjectMapping: 0.316500 ms MarkObjects: 4.582700 ms  DeleteObjects: 3.101000 ms)

========================================================================
Received Import Request.
  Time since last request: 2101.302133 seconds.
  path: Assets/Scripts/Health.cs
  artifactKey: Guid(15501165fefe46b429d7a1de6185f2a1) Importer(815301076,1909f56bfc062723c751e8b465ee728b)
Start importing Assets/Scripts/Health.cs using Guid(15501165fefe46b429d7a1de6185f2a1) Importer(815301076,1909f56bfc062723c751e8b465ee728b)  -> (artifact id: '0b0f98dc6dbc08280c0ee55b9d3ab472') in 0.019096 seconds
  Import took 0.028599 seconds .

========================================================================
Received Prepare
Registering precompiled user dll's ...
Registered in 0.001543 seconds.
Begin MonoManager ReloadAssembly
Native extension for WindowsStandalone target not found
Native extension for WebGL target not found
Refreshing native plugins compatible for Editor in 0.42 ms, found 0 plugins.
Preloading 0 native plugins for Editor in 0.00 ms.
Mono: successfully reloaded assembly
- Completed reload, in  1.230 seconds
Platform modules already initialized, skipping
Shader 'Universal Render Pipeline/Particles/Lit': fallback shader 'Universal Render Pipeline/Particles/SimpleLit' not found
Shader 'Universal Render Pipeline/Particles/Lit': fallback shader 'Universal Render Pipeline/Particles/SimpleLit' not found
Refreshing native plugins compatible for Editor in 0.55 ms, found 0 plugins.
Preloading 0 native plugins for Editor in 0.00 ms.
Unloading 2499 Unused Serialized files (Serialized files now loaded: 0)
System memory in use before: 122.2 MB.
System memory in use after: 119.8 MB.

Unloading 39 unused Assets to reduce memory usage. Loaded Objects now: 3262.
Total: 5.265500 ms (FindLiveObjects: 0.369800 ms CreateObjectMapping: 0.158900 ms MarkObjects: 2.980500 ms  DeleteObjects: 1.754600 ms)

========================================================================
Received Import Request.
  Time since last request: 229.549045 seconds.
  path: Assets/Scripts/Health.cs
  artifactKey: Guid(15501165fefe46b429d7a1de6185f2a1) Importer(815301076,1909f56bfc062723c751e8b465ee728b)
Start importing Assets/Scripts/Health.cs using Guid(15501165fefe46b429d7a1de6185f2a1) Importer(815301076,1909f56bfc062723c751e8b465ee728b)  -> (artifact id: '784ecb02b7fa77a31f96791f471e5994') in 0.006571 seconds
  Import took 0.011833 seconds .

========================================================================
Received Import Request.
  Time since last request: 9.365393 seconds.
  path: Assets/Prefabs/Shard.prefab
  artifactKey: Guid(9c8c8a86c6a1aa44fa5de2d019722fa4) Importer(815301076,1909f56bfc062723c751e8b465ee728b)
Start importing Assets/Prefabs/Shard.prefab using Guid(9c8c8a86c6a1aa44fa5de2d019722fa4) Importer(815301076,1909f56bfc062723c751e8b465ee728b)  -> (artifact id: '64d505528a7f5e79427c8be3b0ab7ecc') in 0.234868 seconds
  Import took 0.240794 seconds .

========================================================================
Received Import Request.
  Time since last request: 11.120147 seconds.
  path: Assets/Prefabs/Bullet.prefab
  artifactKey: Guid(ef8b3db5949d91b4e9c878590fe37e2c) Importer(815301076,1909f56bfc062723c751e8b465ee728b)
Start importing Assets/Prefabs/Bullet.prefab using Guid(ef8b3db5949d91b4e9c878590fe37e2c) Importer(815301076,1909f56bfc062723c751e8b465ee728b)  -> (artifact id: '0f287700d0f5ef8e40bc8ebb7dfc96ce') in 0.019390 seconds
  Import took 0.026308 seconds .

========================================================================
Received Import Request.
  Time since last request: 0.029891 seconds.
  path: Assets/Prefabs/Bullet.prefab
  artifactKey: Guid(ef8b3db5949d91b4e9c878590fe37e2c) Importer(815301076,1909f56bfc062723c751e8b465ee728b)
Start importing Assets/Prefabs/Bullet.prefab using Guid(ef8b3db5949d91b4e9c878590fe37e2c) Importer(815301076,1909f56bfc062723c751e8b465ee728b)  -> (artifact id: '0f287700d0f5ef8e40bc8ebb7dfc96ce') in 0.017562 seconds
  Import took 0.024886 seconds .

========================================================================
Received Import Request.
  Time since last request: 4.711094 seconds.
  path: Assets/Prefabs/Bullet.prefab
  artifactKey: Guid(ef8b3db5949d91b4e9c878590fe37e2c) Importer(815301076,1909f56bfc062723c751e8b465ee728b)
Start importing Assets/Prefabs/Bullet.prefab using Guid(ef8b3db5949d91b4e9c878590fe37e2c) Importer(815301076,1909f56bfc062723c751e8b465ee728b)  -> (artifact id: 'f305f450f30891b286f7f1220cac9da1') in 0.014814 seconds
  Import took 0.022559 seconds .

========================================================================
Received Import Request.
  Time since last request: 4.545208 seconds.
  path: Assets/Prefabs/Shard.prefab
  artifactKey: Guid(9c8c8a86c6a1aa44fa5de2d019722fa4) Importer(815301076,1909f56bfc062723c751e8b465ee728b)
Start importing Assets/Prefabs/Shard.prefab using Guid(9c8c8a86c6a1aa44fa5de2d019722fa4) Importer(815301076,1909f56bfc062723c751e8b465ee728b)  -> (artifact id: '9f9cff1fc0b47721c52a9f75149f36a4') in 0.019697 seconds
  Import took 0.025647 seconds .

========================================================================
Received Import Request.
  Time since last request: 1.934035 seconds.
  path: Assets/Prefabs/Shard.prefab
  artifactKey: Guid(9c8c8a86c6a1aa44fa5de2d019722fa4) Importer(815301076,1909f56bfc062723c751e8b465ee728b)
Start importing Assets/Prefabs/Shard.prefab using Guid(9c8c8a86c6a1aa44fa5de2d019722fa4) Importer(815301076,1909f56bfc062723c751e8b465ee728b)  -> (artifact id: 'a715614f774ac2cfc47aa2c29d4481e2') in 0.021906 seconds
  Import took 0.027164 seconds .

========================================================================
Received Prepare
Registering precompiled user dll's ...
Registered in 0.002698 seconds.
Begin MonoManager ReloadAssembly
Native extension for WindowsStandalone target not found
Native extension for WebGL target not found
Refreshing native plugins compatible for Editor in 0.46 ms, found 0 plugins.
Preloading 0 native plugins for Editor in 0.00 ms.
Mono: successfully reloaded assembly
- Completed reload, in  1.173 seconds
Platform modules already initialized, skipping
Shader 'Universal Render Pipeline/Particles/Lit': fallback shader 'Universal Render Pipeline/Particles/SimpleLit' not found
Shader 'Universal Render Pipeline/Particles/Lit': fallback shader 'Universal Render Pipeline/Particles/SimpleLit' not found
Refreshing native plugins compatible for Editor in 0.52 ms, found 0 plugins.
Preloading 0 native plugins for Editor in 0.00 ms.
Unloading 2499 Unused Serialized files (Serialized files now loaded: 0)
System memory in use before: 122.3 MB.
System memory in use after: 119.9 MB.

Unloading 39 unused Assets to reduce memory usage. Loaded Objects now: 3301.
Total: 5.860200 ms (FindLiveObjects: 0.531500 ms CreateObjectMapping: 0.259600 ms MarkObjects: 3.000800 ms  DeleteObjects: 2.066100 ms)

========================================================================
Received Import Request.
  Time since last request: 116.995229 seconds.
  path: Assets/Prefabs/Block.prefab
  artifactKey: Guid(ecbd295deb525344d8647add652f3ccf) Importer(815301076,1909f56bfc062723c751e8b465ee728b)
Start importing Assets/Prefabs/Block.prefab using Guid(ecbd295deb525344d8647add652f3ccf) Importer(815301076,1909f56bfc062723c751e8b465ee728b)  -> (artifact id: 'e5aa04a3ca553638f82572e2162193cd') in 0.208919 seconds
  Import took 0.215711 seconds .

========================================================================
Received Import Request.
  Time since last request: 4.054327 seconds.
  path: Assets/Prefabs/Block.prefab
  artifactKey: Guid(ecbd295deb525344d8647add652f3ccf) Importer(815301076,1909f56bfc062723c751e8b465ee728b)
Start importing Assets/Prefabs/Block.prefab using Guid(ecbd295deb525344d8647add652f3ccf) Importer(815301076,1909f56bfc062723c751e8b465ee728b)  -> (artifact id: '9bada03edbd2b490e372ff3a2f16a431') in 0.014347 seconds
  Import took 0.021299 seconds .

========================================================================
Received Prepare
Registering precompiled user dll's ...
Registered in 0.001491 seconds.
Begin MonoManager ReloadAssembly
Native extension for WindowsStandalone target not found
Native extension for WebGL target not found
Refreshing native plugins compatible for Editor in 0.43 ms, found 0 plugins.
Preloading 0 native plugins for Editor in 0.00 ms.
Mono: successfully reloaded assembly
- Completed reload, in  1.188 seconds
Platform modules already initialized, skipping
Shader 'Universal Render Pipeline/Particles/Lit': fallback shader 'Universal Render Pipeline/Particles/SimpleLit' not found
Shader 'Universal Render Pipeline/Particles/Lit': fallback shader 'Universal Render Pipeline/Particles/SimpleLit' not found
Refreshing native plugins compatible for Editor in 0.63 ms, found 0 plugins.
Preloading 0 native plugins for Editor in 0.00 ms.
Unloading 2499 Unused Serialized files (Serialized files now loaded: 0)
System memory in use before: 122.4 MB.
System memory in use after: 120.0 MB.

Unloading 39 unused Assets to reduce memory usage. Loaded Objects now: 3341.
Total: 5.493200 ms (FindLiveObjects: 0.631600 ms CreateObjectMapping: 0.206100 ms MarkObjects: 2.890600 ms  DeleteObjects: 1.763000 ms)

========================================================================
Received Prepare
Registering precompiled user dll's ...
Registered in 0.001564 seconds.
Begin MonoManager ReloadAssembly
Native extension for WindowsStandalone target not found
Native extension for WebGL target not found
Refreshing native plugins compatible for Editor in 0.79 ms, found 0 plugins.
Preloading 0 native plugins for Editor in 0.00 ms.
Mono: successfully reloaded assembly
- Completed reload, in  1.310 seconds
Platform modules already initialized, skipping
Shader 'Universal Render Pipeline/Particles/Lit': fallback shader 'Universal Render Pipeline/Particles/SimpleLit' not found
Shader 'Universal Render Pipeline/Particles/Lit': fallback shader 'Universal Render Pipeline/Particles/SimpleLit' not found
Refreshing native plugins compatible for Editor in 0.48 ms, found 0 plugins.
Preloading 0 native plugins for Editor in 0.00 ms.
Unloading 2499 Unused Serialized files (Serialized files now loaded: 0)
System memory in use before: 122.5 MB.
System memory in use after: 120.0 MB.

Unloading 39 unused Assets to reduce memory usage. Loaded Objects now: 3344.
Total: 5.320100 ms (FindLiveObjects: 0.510000 ms CreateObjectMapping: 0.206700 ms MarkObjects: 2.860300 ms  DeleteObjects: 1.741700 ms)

========================================================================
Received Import Request.
  Time since last request: 217.338352 seconds.
  path: ProjectSettings/TagManager.asset
  artifactKey: Guid(00000000000000003000000000000000) Importer(815301076,1909f56bfc062723c751e8b465ee728b)
Start importing ProjectSettings/TagManager.asset using Guid(00000000000000003000000000000000) Importer(815301076,1909f56bfc062723c751e8b465ee728b)  -> (artifact id: '54a3260279204f7bee0a4ad4f7cf3b95') in 0.025407 seconds
  Import took 0.033104 seconds .

========================================================================
Received Import Request.
  Time since last request: 24.385721 seconds.
  path: Assets/Prefabs/Bullet.prefab
  artifactKey: Guid(ef8b3db5949d91b4e9c878590fe37e2c) Importer(815301076,1909f56bfc062723c751e8b465ee728b)
Start importing Assets/Prefabs/Bullet.prefab using Guid(ef8b3db5949d91b4e9c878590fe37e2c) Importer(815301076,1909f56bfc062723c751e8b465ee728b)  -> (artifact id: 'b7c702912613765e5d1cc4f4e3079651') in 0.214852 seconds
  Import took 0.220007 seconds .

========================================================================
Received Import Request.
  Time since last request: 2.420501 seconds.
  path: Assets/Prefabs/Shard.prefab
  artifactKey: Guid(9c8c8a86c6a1aa44fa5de2d019722fa4) Importer(815301076,1909f56bfc062723c751e8b465ee728b)
Start importing Assets/Prefabs/Shard.prefab using Guid(9c8c8a86c6a1aa44fa5de2d019722fa4) Importer(815301076,1909f56bfc062723c751e8b465ee728b)  -> (artifact id: 'a468c32d2181ef50753f4a2538f68f71') in 0.024850 seconds
  Import took 0.030879 seconds .

========================================================================
Received Prepare
Registering precompiled user dll's ...
Registered in 0.001644 seconds.
Begin MonoManager ReloadAssembly
Native extension for WindowsStandalone target not found
Native extension for WebGL target not found
Refreshing native plugins compatible for Editor in 0.43 ms, found 0 plugins.
Preloading 0 native plugins for Editor in 0.00 ms.
Mono: successfully reloaded assembly
- Completed reload, in  1.151 seconds
Platform modules already initialized, skipping
Shader 'Universal Render Pipeline/Particles/Lit': fallback shader 'Universal Render Pipeline/Particles/SimpleLit' not found
Shader 'Universal Render Pipeline/Particles/Lit': fallback shader 'Universal Render Pipeline/Particles/SimpleLit' not found
Refreshing native plugins compatible for Editor in 0.48 ms, found 0 plugins.
Preloading 0 native plugins for Editor in 0.00 ms.
Unloading 2499 Unused Serialized files (Serialized files now loaded: 0)
System memory in use before: 122.5 MB.
System memory in use after: 120.1 MB.

Unloading 40 unused Assets to reduce memory usage. Loaded Objects now: 3383.
Total: 4.473000 ms (FindLiveObjects: 0.370800 ms CreateObjectMapping: 0.152100 ms MarkObjects: 2.471200 ms  DeleteObjects: 1.477500 ms)

========================================================================
Received Prepare
Registering precompiled user dll's ...
Registered in 0.002064 seconds.
Begin MonoManager ReloadAssembly
Native extension for WindowsStandalone target not found
Native extension for WebGL target not found
Refreshing native plugins compatible for Editor in 0.51 ms, found 0 plugins.
Preloading 0 native plugins for Editor in 0.00 ms.
Mono: successfully reloaded assembly
- Completed reload, in  1.319 seconds
Platform modules already initialized, skipping
Shader 'Universal Render Pipeline/Particles/Lit': fallback shader 'Universal Render Pipeline/Particles/SimpleLit' not found
Shader 'Universal Render Pipeline/Particles/Lit': fallback shader 'Universal Render Pipeline/Particles/SimpleLit' not found
Refreshing native plugins compatible for Editor in 0.52 ms, found 0 plugins.
Preloading 0 native plugins for Editor in 0.00 ms.
Unloading 2499 Unused Serialized files (Serialized files now loaded: 0)
System memory in use before: 122.6 MB.
System memory in use after: 120.2 MB.

Unloading 39 unused Assets to reduce memory usage. Loaded Objects now: 3386.
Total: 5.298300 ms (FindLiveObjects: 0.403600 ms CreateObjectMapping: 0.164100 ms MarkObjects: 3.072900 ms  DeleteObjects: 1.656300 ms)

========================================================================
Received Prepare
Registering precompiled user dll's ...
Registered in 0.001624 seconds.
Begin MonoManager ReloadAssembly
Native extension for WindowsStandalone target not found
Native extension for WebGL target not found
Refreshing native plugins compatible for Editor in 0.45 ms, found 0 plugins.
Preloading 0 native plugins for Editor in 0.00 ms.
Mono: successfully reloaded assembly
- Completed reload, in  1.379 seconds
Platform modules already initialized, skipping
Shader 'Universal Render Pipeline/Particles/Lit': fallback shader 'Universal Render Pipeline/Particles/SimpleLit' not found
Shader 'Universal Render Pipeline/Particles/Lit': fallback shader 'Universal Render Pipeline/Particles/SimpleLit' not found
Refreshing native plugins compatible for Editor in 0.73 ms, found 0 plugins.
Preloading 0 native plugins for Editor in 0.00 ms.
Unloading 2499 Unused Serialized files (Serialized files now loaded: 0)
System memory in use before: 122.6 MB.
System memory in use after: 120.2 MB.

Unloading 39 unused Assets to reduce memory usage. Loaded Objects now: 3389.
Total: 5.163300 ms (FindLiveObjects: 0.432200 ms CreateObjectMapping: 0.170200 ms MarkObjects: 3.004000 ms  DeleteObjects: 1.555200 ms)

========================================================================
Received Prepare
Registering precompiled user dll's ...
Registered in 0.001806 seconds.
Begin MonoManager ReloadAssembly
Native extension for WindowsStandalone target not found
Native extension for WebGL target not found
Refreshing native plugins compatible for Editor in 0.47 ms, found 0 plugins.
Preloading 0 native plugins for Editor in 0.00 ms.
Mono: successfully reloaded assembly
- Completed reload, in  1.265 seconds
Platform modules already initialized, skipping
Shader 'Universal Render Pipeline/Particles/Lit': fallback shader 'Universal Render Pipeline/Particles/SimpleLit' not found
Shader 'Universal Render Pipeline/Particles/Lit': fallback shader 'Universal Render Pipeline/Particles/SimpleLit' not found
Refreshing native plugins compatible for Editor in 0.48 ms, found 0 plugins.
Preloading 0 native plugins for Editor in 0.00 ms.
Unloading 2499 Unused Serialized files (Serialized files now loaded: 0)
System memory in use before: 122.5 MB.
System memory in use after: 120.2 MB.

Unloading 39 unused Assets to reduce memory usage. Loaded Objects now: 3392.
Total: 5.614700 ms (FindLiveObjects: 0.353100 ms CreateObjectMapping: 0.172600 ms MarkObjects: 3.445800 ms  DeleteObjects: 1.641100 ms)

========================================================================
Received Prepare
Registering precompiled user dll's ...
Registered in 0.001650 seconds.
Begin MonoManager ReloadAssembly
Native extension for WindowsStandalone target not found
Native extension for WebGL target not found
Refreshing native plugins compatible for Editor in 0.48 ms, found 0 plugins.
Preloading 0 native plugins for Editor in 0.00 ms.
Mono: successfully reloaded assembly
- Completed reload, in  1.161 seconds
Platform modules already initialized, skipping
Shader 'Universal Render Pipeline/Particles/Lit': fallback shader 'Universal Render Pipeline/Particles/SimpleLit' not found
Shader 'Universal Render Pipeline/Particles/Lit': fallback shader 'Universal Render Pipeline/Particles/SimpleLit' not found
Refreshing native plugins compatible for Editor in 0.50 ms, found 0 plugins.
Preloading 0 native plugins for Editor in 0.00 ms.
Unloading 2499 Unused Serialized files (Serialized files now loaded: 0)
System memory in use before: 122.6 MB.
System memory in use after: 120.2 MB.

Unloading 39 unused Assets to reduce memory usage. Loaded Objects now: 3395.
Total: 4.828500 ms (FindLiveObjects: 0.399800 ms CreateObjectMapping: 0.137900 ms MarkObjects: 2.710100 ms  DeleteObjects: 1.579100 ms)

========================================================================
Received Prepare
Registering precompiled user dll's ...
Registered in 0.001693 seconds.
Begin MonoManager ReloadAssembly
Native extension for WindowsStandalone target not found
Native extension for WebGL target not found
Refreshing native plugins compatible for Editor in 0.47 ms, found 0 plugins.
Preloading 0 native plugins for Editor in 0.00 ms.
Mono: successfully reloaded assembly
- Completed reload, in  1.186 seconds
Platform modules already initialized, skipping
Shader 'Universal Render Pipeline/Particles/Lit': fallback shader 'Universal Render Pipeline/Particles/SimpleLit' not found
Shader 'Universal Render Pipeline/Particles/Lit': fallback shader 'Universal Render Pipeline/Particles/SimpleLit' not found
Refreshing native plugins compatible for Editor in 0.44 ms, found 0 plugins.
Preloading 0 native plugins for Editor in 0.00 ms.
Unloading 2499 Unused Serialized files (Serialized files now loaded: 0)
System memory in use before: 122.5 MB.
System memory in use after: 120.1 MB.

Unloading 39 unused Assets to reduce memory usage. Loaded Objects now: 3398.
Total: 4.732200 ms (FindLiveObjects: 0.351700 ms CreateObjectMapping: 0.292200 ms MarkObjects: 2.633400 ms  DeleteObjects: 1.453400 ms)

========================================================================
Received Prepare
Registering precompiled user dll's ...
Registered in 0.001769 seconds.
Begin MonoManager ReloadAssembly
Native extension for WindowsStandalone target not found
Native extension for WebGL target not found
Refreshing native plugins compatible for Editor in 0.43 ms, found 0 plugins.
Preloading 0 native plugins for Editor in 0.00 ms.
Mono: successfully reloaded assembly
- Completed reload, in  1.267 seconds
Platform modules already initialized, skipping
Shader 'Universal Render Pipeline/Particles/Lit': fallback shader 'Universal Render Pipeline/Particles/SimpleLit' not found
Shader 'Universal Render Pipeline/Particles/Lit': fallback shader 'Universal Render Pipeline/Particles/SimpleLit' not found
Refreshing native plugins compatible for Editor in 0.55 ms, found 0 plugins.
Preloading 0 native plugins for Editor in 0.00 ms.
Unloading 2499 Unused Serialized files (Serialized files now loaded: 0)
System memory in use before: 122.6 MB.
System memory in use after: 120.2 MB.

Unloading 39 unused Assets to reduce memory usage. Loaded Objects now: 3401.
Total: 4.649400 ms (FindLiveObjects: 0.397700 ms CreateObjectMapping: 0.138900 ms MarkObjects: 2.445200 ms  DeleteObjects: 1.665700 ms)

========================================================================
Received Prepare
Registering precompiled user dll's ...
Registered in 0.001653 seconds.
Begin MonoManager ReloadAssembly
Native extension for WindowsStandalone target not found
Native extension for WebGL target not found
Refreshing native plugins compatible for Editor in 0.61 ms, found 0 plugins.
Preloading 0 native plugins for Editor in 0.00 ms.
Mono: successfully reloaded assembly
- Completed reload, in  1.320 seconds
Platform modules already initialized, skipping
Shader 'Universal Render Pipeline/Particles/Lit': fallback shader 'Universal Render Pipeline/Particles/SimpleLit' not found
Shader 'Universal Render Pipeline/Particles/Lit': fallback shader 'Universal Render Pipeline/Particles/SimpleLit' not found
Refreshing native plugins compatible for Editor in 0.49 ms, found 0 plugins.
Preloading 0 native plugins for Editor in 0.00 ms.
Unloading 2499 Unused Serialized files (Serialized files now loaded: 0)
System memory in use before: 122.6 MB.
System memory in use after: 120.2 MB.

Unloading 39 unused Assets to reduce memory usage. Loaded Objects now: 3404.
Total: 6.010900 ms (FindLiveObjects: 0.410400 ms CreateObjectMapping: 0.156200 ms MarkObjects: 3.047800 ms  DeleteObjects: 2.394700 ms)

========================================================================
Received Prepare
Registering precompiled user dll's ...
Registered in 0.001864 seconds.
Begin MonoManager ReloadAssembly
Native extension for WindowsStandalone target not found
Native extension for WebGL target not found
Refreshing native plugins compatible for Editor in 0.52 ms, found 0 plugins.
Preloading 0 native plugins for Editor in 0.00 ms.
Mono: successfully reloaded assembly
- Completed reload, in  1.257 seconds
Platform modules already initialized, skipping
Shader 'Universal Render Pipeline/Particles/Lit': fallback shader 'Universal Render Pipeline/Particles/SimpleLit' not found
Shader 'Universal Render Pipeline/Particles/Lit': fallback shader 'Universal Render Pipeline/Particles/SimpleLit' not found
Refreshing native plugins compatible for Editor in 0.46 ms, found 0 plugins.
Preloading 0 native plugins for Editor in 0.00 ms.
Unloading 2499 Unused Serialized files (Serialized files now loaded: 0)
System memory in use before: 122.6 MB.
System memory in use after: 120.2 MB.

Unloading 39 unused Assets to reduce memory usage. Loaded Objects now: 3407.
Total: 4.604600 ms (FindLiveObjects: 0.381700 ms CreateObjectMapping: 0.176400 ms MarkObjects: 2.555900 ms  DeleteObjects: 1.489100 ms)

========================================================================
Received Prepare
Registering precompiled user dll's ...
Registered in 0.001559 seconds.
Begin MonoManager ReloadAssembly
Native extension for WindowsStandalone target not found
Native extension for WebGL target not found
Refreshing native plugins compatible for Editor in 0.92 ms, found 0 plugins.
Preloading 0 native plugins for Editor in 0.00 ms.
Mono: successfully reloaded assembly
- Completed reload, in  1.361 seconds
Platform modules already initialized, skipping
Shader 'Universal Render Pipeline/Particles/Lit': fallback shader 'Universal Render Pipeline/Particles/SimpleLit' not found
Shader 'Universal Render Pipeline/Particles/Lit': fallback shader 'Universal Render Pipeline/Particles/SimpleLit' not found
Refreshing native plugins compatible for Editor in 0.86 ms, found 0 plugins.
Preloading 0 native plugins for Editor in 0.00 ms.
Unloading 2499 Unused Serialized files (Serialized files now loaded: 0)
System memory in use before: 122.7 MB.
System memory in use after: 120.2 MB.

Unloading 39 unused Assets to reduce memory usage. Loaded Objects now: 3410.
Total: 5.457200 ms (FindLiveObjects: 0.573200 ms CreateObjectMapping: 0.215200 ms MarkObjects: 3.076400 ms  DeleteObjects: 1.590400 ms)

========================================================================
Received Prepare
Registering precompiled user dll's ...
Registered in 0.002325 seconds.
Begin MonoManager ReloadAssembly
Native extension for WindowsStandalone target not found
Native extension for WebGL target not found
Refreshing native plugins compatible for Editor in 0.43 ms, found 0 plugins.
Preloading 0 native plugins for Editor in 0.00 ms.
Mono: successfully reloaded assembly
- Completed reload, in  1.249 seconds
Platform modules already initialized, skipping
Shader 'Universal Render Pipeline/Particles/Lit': fallback shader 'Universal Render Pipeline/Particles/SimpleLit' not found
Shader 'Universal Render Pipeline/Particles/Lit': fallback shader 'Universal Render Pipeline/Particles/SimpleLit' not found
Refreshing native plugins compatible for Editor in 0.49 ms, found 0 plugins.
Preloading 0 native plugins for Editor in 0.00 ms.
Unloading 2499 Unused Serialized files (Serialized files now loaded: 0)
System memory in use before: 122.5 MB.
System memory in use after: 120.1 MB.

Unloading 39 unused Assets to reduce memory usage. Loaded Objects now: 3413.
Total: 5.164000 ms (FindLiveObjects: 0.448300 ms CreateObjectMapping: 0.168600 ms MarkObjects: 2.972200 ms  DeleteObjects: 1.573500 ms)

========================================================================
Received Prepare
Registering precompiled user dll's ...
Registered in 0.001540 seconds.
Begin MonoManager ReloadAssembly
Native extension for WindowsStandalone target not found
Native extension for WebGL target not found
Refreshing native plugins compatible for Editor in 0.46 ms, found 0 plugins.
Preloading 0 native plugins for Editor in 0.00 ms.
Mono: successfully reloaded assembly
- Completed reload, in  1.201 seconds
Platform modules already initialized, skipping
Shader 'Universal Render Pipeline/Particles/Lit': fallback shader 'Universal Render Pipeline/Particles/SimpleLit' not found
Shader 'Universal Render Pipeline/Particles/Lit': fallback shader 'Universal Render Pipeline/Particles/SimpleLit' not found
Refreshing native plugins compatible for Editor in 0.48 ms, found 0 plugins.
Preloading 0 native plugins for Editor in 0.00 ms.
Unloading 2499 Unused Serialized files (Serialized files now loaded: 0)
System memory in use before: 122.7 MB.
System memory in use after: 120.3 MB.

Unloading 39 unused Assets to reduce memory usage. Loaded Objects now: 3416.
Total: 4.680900 ms (FindLiveObjects: 0.361900 ms CreateObjectMapping: 0.160600 ms MarkObjects: 2.648400 ms  DeleteObjects: 1.508800 ms)

========================================================================
Received Prepare
Registering precompiled user dll's ...
Registered in 0.001662 seconds.
Begin MonoManager ReloadAssembly
Native extension for WindowsStandalone target not found
Native extension for WebGL target not found
Refreshing native plugins compatible for Editor in 0.43 ms, found 0 plugins.
Preloading 0 native plugins for Editor in 0.00 ms.
Mono: successfully reloaded assembly
- Completed reload, in  1.299 seconds
Platform modules already initialized, skipping
Shader 'Universal Render Pipeline/Particles/Lit': fallback shader 'Universal Render Pipeline/Particles/SimpleLit' not found
Shader 'Universal Render Pipeline/Particles/Lit': fallback shader 'Universal Render Pipeline/Particles/SimpleLit' not found
Refreshing native plugins compatible for Editor in 0.50 ms, found 0 plugins.
Preloading 0 native plugins for Editor in 0.00 ms.
Unloading 2499 Unused Serialized files (Serialized files now loaded: 0)
System memory in use before: 122.6 MB.
System memory in use after: 120.3 MB.

Unloading 39 unused Assets to reduce memory usage. Loaded Objects now: 3419.
Total: 5.628300 ms (FindLiveObjects: 0.754900 ms CreateObjectMapping: 0.396600 ms MarkObjects: 2.788500 ms  DeleteObjects: 1.686700 ms)

